[debug] [2023-10-24T17:57:31.954Z] ----------------------------------------------------------------------
[debug] [2023-10-24T17:57:31.957Z] Command:       C:\Program Files\nodejs\node.exe C:\Users\DELL\AppData\Roaming\npm\node_modules\firebase-tools\lib\bin\firebase.js init
[debug] [2023-10-24T17:57:31.957Z] CLI Version:   12.7.0
[debug] [2023-10-24T17:57:31.958Z] Platform:      win32
[debug] [2023-10-24T17:57:31.958Z] Node Version:  v18.16.0
[debug] [2023-10-24T17:57:31.959Z] Time:          Tue Oct 24 2023 20:57:31 GMT+0300 (GMT+03:00)
[debug] [2023-10-24T17:57:31.959Z] ----------------------------------------------------------------------
[debug] 
[debug] [2023-10-24T17:57:32.049Z] > command requires scopes: ["email","openid","https://www.googleapis.com/auth/cloudplatformprojects.readonly","https://www.googleapis.com/auth/firebase","https://www.googleapis.com/auth/cloud-platform"]
[debug] [2023-10-24T17:57:32.050Z] > authorizing via signed-in user (roben.gn2@gmail.com)
[info] 
     ######## #### ########  ######## ########     ###     ######  ########
     ##        ##  ##     ## ##       ##     ##  ##   ##  ##       ##
     ######    ##  ########  ######   ########  #########  ######  ######
     ##        ##  ##    ##  ##       ##     ## ##     ##       ## ##
     ##       #### ##     ## ######## ########  ##     ##  ######  ########

You're about to initialize a Firebase project in this directory:

  C:\Users\DELL\Desktop\new test\FitVerse

Before we get started, keep in mind:

  * You are initializing within an existing Firebase project directory

[info] 
=== Project Setup
[info] 
[info] First, let's associate this project directory with a Firebase project.
[info] You can create multiple project aliases by running firebase use --add, 
[info] but for now we'll just set up a default project.
[info] 
[debug] [2023-10-24T18:00:34.236Z] > refreshing access token with scopes: []
[debug] [2023-10-24T18:00:34.239Z] >>> [apiv2][query] POST https://www.googleapis.com/oauth2/v3/token [none]
[debug] [2023-10-24T18:00:34.239Z] >>> [apiv2][body] POST https://www.googleapis.com/oauth2/v3/token [omitted]
[debug] [2023-10-24T18:00:34.601Z] <<< [apiv2][status] POST https://www.googleapis.com/oauth2/v3/token 400
[debug] [2023-10-24T18:00:34.601Z] <<< [apiv2][body] POST https://www.googleapis.com/oauth2/v3/token [omitted]
[debug] [2023-10-24T18:00:34.603Z] >>> [apiv2][query] GET https://firebase.googleapis.com/v1beta1/projects pageSize=100
[debug] [2023-10-24T18:00:34.867Z] <<< [apiv2][status] GET https://firebase.googleapis.com/v1beta1/projects 401
[debug] [2023-10-24T18:00:34.867Z] <<< [apiv2][body] GET https://firebase.googleapis.com/v1beta1/projects [omitted]
[debug] [2023-10-24T18:00:34.870Z] HTTP Error: 401, Request had invalid authentication credentials. Expected OAuth 2 access token, login cookie or other valid authentication credential. See https://developers.google.com/identity/sign-in/web/devconsole-project.
[debug] [2023-10-24T18:00:35.197Z] FirebaseError: HTTP Error: 401, Request had invalid authentication credentials. Expected OAuth 2 access token, login cookie or other valid authentication credential. See https://developers.google.com/identity/sign-in/web/devconsole-project.
    at responseToError (C:\Users\DELL\AppData\Roaming\npm\node_modules\firebase-tools\lib\responseToError.js:49:12)
    at RetryOperation._fn (C:\Users\DELL\AppData\Roaming\npm\node_modules\firebase-tools\lib\apiv2.js:285:77)
    at process.processTicksAndRejections (node:internal/process/task_queues:95:5)
[error] 
[error] Error: Failed to list Firebase projects. See firebase-debug.log for more info.
[debug] [2023-10-24T18:01:13.590Z] ----------------------------------------------------------------------
[debug] [2023-10-24T18:01:13.592Z] Command:       C:\Program Files\nodejs\node.exe C:\Users\DELL\AppData\Roaming\npm\node_modules\firebase-tools\lib\bin\firebase.js init
[debug] [2023-10-24T18:01:13.593Z] CLI Version:   12.7.0
[debug] [2023-10-24T18:01:13.593Z] Platform:      win32
[debug] [2023-10-24T18:01:13.593Z] Node Version:  v18.16.0
[debug] [2023-10-24T18:01:13.594Z] Time:          Tue Oct 24 2023 21:01:13 GMT+0300 (GMT+03:00)
[debug] [2023-10-24T18:01:13.595Z] ----------------------------------------------------------------------
[debug] 
[debug] [2023-10-24T18:01:13.675Z] > command requires scopes: ["email","openid","https://www.googleapis.com/auth/cloudplatformprojects.readonly","https://www.googleapis.com/auth/firebase","https://www.googleapis.com/auth/cloud-platform"]
[debug] [2023-10-24T18:01:13.676Z] > authorizing via signed-in user (roben.gn2@gmail.com)
[info] 
     ######## #### ########  ######## ########     ###     ######  ########
     ##        ##  ##     ## ##       ##     ##  ##   ##  ##       ##
     ######    ##  ########  ######   ########  #########  ######  ######
     ##        ##  ##    ##  ##       ##     ## ##     ##       ## ##
     ##       #### ##     ## ######## ########  ##     ##  ######  ########

You're about to initialize a Firebase project in this directory:

  C:\Users\DELL\Desktop\new test\FitVerse

Before we get started, keep in mind:

  * You are initializing within an existing Firebase project directory

